<?xml version="1.0" encoding="UTF-8"?>
<testsuite xmlns:xsi="http://www.w3.org/2001/XMLSchema-instance" xsi:schemaLocation="https://maven.apache.org/surefire/maven-surefire-plugin/xsd/surefire-test-report.xsd" name="com.autotest.core.appolo.SearchTest" time="18.645" tests="2" errors="0" skipped="0" failures="1">
  <properties>
    <property name="video.recording" value="true"/>
    <property name="java.runtime.name" value="OpenJDK Runtime Environment"/>
    <property name="java.vm.version" value="15.0.1+9"/>
    <property name="sun.boot.library.path" value="/usr/local/Cellar/openjdk/15.0.1/libexec/openjdk.jdk/Contents/Home/lib"/>
    <property name="maven.multiModuleProjectDirectory" value="/Users/lap00730/Documents/Minh/sample-selenium-webdriver"/>
    <property name="java.vm.vendor" value="Oracle Corporation"/>
    <property name="java.vendor.url" value="https://openjdk.java.net/"/>
    <property name="guice.disable.misplaced.annotation.check" value="true"/>
    <property name="path.separator" value=":"/>
    <property name="java.vm.name" value="OpenJDK 64-Bit Server VM"/>
    <property name="user.country" value="US"/>
    <property name="sun.java.launcher" value="SUN_STANDARD"/>
    <property name="test" value="SearchTest"/>
    <property name="java.vm.specification.name" value="Java Virtual Machine Specification"/>
    <property name="user.dir" value="/Users/lap00730/Documents/Minh/sample-selenium-webdriver"/>
    <property name="java.vm.compressedOopsMode" value="Zero based"/>
    <property name="java.runtime.version" value="15.0.1+9"/>
    <property name="os.arch" value="x86_64"/>
    <property name="java.io.tmpdir" value="/var/folders/hl/m8j9g6c54g5bx60c1g5rmnr80000gp/T/"/>
    <property name="line.separator" value="&#10;"/>
    <property name="java.vm.specification.vendor" value="Oracle Corporation"/>
    <property name="os.name" value="Mac OS X"/>
    <property name="classworlds.conf" value="/usr/local/Cellar/maven/3.6.3_1/libexec/bin/m2.conf"/>
    <property name="sun.jnu.encoding" value="UTF-8"/>
    <property name="java.library.path" value="/Users/lap00730/Library/Java/Extensions:/Library/Java/Extensions:/Network/Library/Java/Extensions:/System/Library/Java/Extensions:/usr/lib/java:."/>
    <property name="maven.conf" value="/usr/local/Cellar/maven/3.6.3_1/libexec/conf"/>
    <property name="jdk.debug" value="release"/>
    <property name="java.class.version" value="59.0"/>
    <property name="java.specification.name" value="Java Platform API Specification"/>
    <property name="sun.management.compiler" value="HotSpot 64-Bit Tiered Compilers"/>
    <property name="os.version" value="10.15.7"/>
    <property name="library.jansi.path" value="/usr/local/Cellar/maven/3.6.3_1/libexec/lib/jansi-native"/>
    <property name="http.nonProxyHosts" value="local|*.local|169.254/16|*.169.254/16"/>
    <property name="user.home" value="/Users/lap00730"/>
    <property name="user.timezone" value="Asia/Ho_Chi_Minh"/>
    <property name="file.encoding" value="UTF-8"/>
    <property name="java.specification.version" value="15"/>
    <property name="user.name" value="lap00730"/>
    <property name="java.class.path" value="/usr/local/Cellar/maven/3.6.3_1/libexec/boot/plexus-classworlds-2.6.0.jar"/>
    <property name="java.vm.specification.version" value="15"/>
    <property name="sun.arch.data.model" value="64"/>
    <property name="sun.java.command" value="org.codehaus.plexus.classworlds.launcher.Launcher -Dtest.execution.env=local-chrome -Dtest=SearchTest -Dvideo.recording integration-test -Pselenium"/>
    <property name="java.home" value="/usr/local/Cellar/openjdk/15.0.1/libexec/openjdk.jdk/Contents/Home"/>
    <property name="user.language" value="en"/>
    <property name="java.specification.vendor" value="Oracle Corporation"/>
    <property name="java.vm.info" value="mixed mode, sharing"/>
    <property name="java.version" value="15.0.1"/>
    <property name="java.vendor" value="N/A"/>
    <property name="maven.home" value="/usr/local/Cellar/maven/3.6.3_1/libexec"/>
    <property name="file.separator" value="/"/>
    <property name="java.version.date" value="2020-10-20"/>
    <property name="java.vendor.url.bug" value="https://bugreport.java.com/bugreport/"/>
    <property name="sun.io.unicode.encoding" value="UnicodeBig"/>
    <property name="sun.cpu.endian" value="little"/>
    <property name="socksNonProxyHosts" value="local|*.local|169.254/16|*.169.254/16"/>
    <property name="test.execution.env" value="local-chrome"/>
    <property name="ftp.nonProxyHosts" value="local|*.local|169.254/16|*.169.254/16"/>
  </properties>
  <testcase name="init" classname="com.autotest.core.appolo.SearchTest" time="0.35"/>
  <testcase name="testARoleTeacher" classname="com.autotest.core.appolo.SearchTest" time="7.266">
    <failure message="expected [You have 1 gradebook1111 waiting] but found [You have 1 gradebook waiting]" type="java.lang.AssertionError">java.lang.AssertionError: expected [You have 1 gradebook1111 waiting] but found [You have 1 gradebook waiting]
	at com.autotest.core.appolo.SearchTest.testARoleTeacher(SearchTest.java:30)
</failure>
    <system-out><![CDATA[[01:47:28] STARTED: appolo.SearchTest.testARoleTeacher()
Loading page ... https://api.edugix.com/
Loading page ... https://api.edugix.com/teacher/dashboard.html#/gradebook
[01:47:36] FAILURE: appolo.SearchTest.testARoleTeacher()

]]></system-out>
    <system-err><![CDATA[May 17, 2021 1:47:29 AM org.jboss.arquillian.graphene.enricher.FieldAccessValidatorEnricher checkFieldValidity
WARNING: Package-friendly field 'userInput' found in com.autotest.core.fragment.LoginPage. Direct access to fields outside of the declaring class is not allowed.
May 17, 2021 1:47:29 AM org.jboss.arquillian.graphene.enricher.FieldAccessValidatorEnricher checkFieldValidity
WARNING: Package-friendly field 'passwordInput' found in com.autotest.core.fragment.LoginPage. Direct access to fields outside of the declaring class is not allowed.
May 17, 2021 1:47:29 AM org.jboss.arquillian.graphene.enricher.FieldAccessValidatorEnricher checkFieldValidity
WARNING: Package-friendly field 'btnLogin' found in com.autotest.core.fragment.LoginPage. Direct access to fields outside of the declaring class is not allowed.
May 17, 2021 1:47:30 AM org.jboss.arquillian.graphene.enricher.FieldAccessValidatorEnricher checkFieldValidity
WARNING: Package-friendly field 'userInput' found in com.autotest.core.fragment.LoginPage$$EnhancerByGraphene$$3926c3f0. Direct access to fields outside of the declaring class is not allowed.
May 17, 2021 1:47:30 AM org.jboss.arquillian.graphene.enricher.FieldAccessValidatorEnricher checkFieldValidity
WARNING: Package-friendly field 'passwordInput' found in com.autotest.core.fragment.LoginPage$$EnhancerByGraphene$$3926c3f0. Direct access to fields outside of the declaring class is not allowed.
May 17, 2021 1:47:30 AM org.jboss.arquillian.graphene.enricher.FieldAccessValidatorEnricher checkFieldValidity
WARNING: Package-friendly field 'btnLogin' found in com.autotest.core.fragment.LoginPage$$EnhancerByGraphene$$3926c3f0. Direct access to fields outside of the declaring class is not allowed.
May 17, 2021 1:47:33 AM org.jboss.arquillian.graphene.enricher.FieldAccessValidatorEnricher checkFieldValidity
WARNING: Package-friendly field 'items' found in com.autotest.core.fragment.MenuNavigation. Direct access to fields outside of the declaring class is not allowed.
May 17, 2021 1:47:33 AM org.jboss.arquillian.graphene.enricher.FieldAccessValidatorEnricher checkFieldValidity
WARNING: Package-friendly field 'items' found in com.autotest.core.fragment.MenuNavigation$$EnhancerByGraphene$$69b53e2d. Direct access to fields outside of the declaring class is not allowed.
May 17, 2021 1:47:34 AM org.jboss.arquillian.graphene.enricher.FieldAccessValidatorEnricher checkFieldValidity
WARNING: Package-friendly field 'tabs' found in com.autotest.core.fragment.TeacherGradebook. Direct access to fields outside of the declaring class is not allowed.
May 17, 2021 1:47:34 AM org.jboss.arquillian.graphene.enricher.FieldAccessValidatorEnricher checkFieldValidity
WARNING: Package-friendly field 'tabs' found in com.autotest.core.fragment.TeacherGradebook$$EnhancerByGraphene$$22d4c9a4. Direct access to fields outside of the declaring class is not allowed.
May 17, 2021 1:47:34 AM org.jboss.arquillian.graphene.enricher.FieldAccessValidatorEnricher checkFieldValidity
WARNING: Package-friendly field 'title' found in com.autotest.core.fragment.Dialog. Direct access to fields outside of the declaring class is not allowed.
May 17, 2021 1:47:34 AM org.jboss.arquillian.graphene.enricher.FieldAccessValidatorEnricher checkFieldValidity
WARNING: Package-friendly field 'confirmButton' found in com.autotest.core.fragment.Dialog. Direct access to fields outside of the declaring class is not allowed.
May 17, 2021 1:47:34 AM org.jboss.arquillian.graphene.enricher.FieldAccessValidatorEnricher checkFieldValidity
WARNING: Package-friendly field 'title' found in com.autotest.core.fragment.Dialog$$EnhancerByGraphene$$65b0dc96. Direct access to fields outside of the declaring class is not allowed.
May 17, 2021 1:47:34 AM org.jboss.arquillian.graphene.enricher.FieldAccessValidatorEnricher checkFieldValidity
WARNING: Package-friendly field 'confirmButton' found in com.autotest.core.fragment.Dialog$$EnhancerByGraphene$$65b0dc96. Direct access to fields outside of the declaring class is not allowed.
]]></system-err>
  </testcase>
</testsuite>