<?xml version="1.0" encoding="UTF-8"?>
<!-- Generated by org.testng.reporters.JUnitReportReporter -->
<testsuite hostname="LAP-00911s-MacBook-Pro.local" failures="0" tests="2" name="com.autotest.core.appolo.SearchTest" time="0.021" errors="2" timestamp="12 May 2021 03:50:49 GMT">
  <testcase classname="com.autotest.core.appolo.SearchTest" name="testRoleTeacher" time="0.001">
    <error message="There is no context available for qualifier org.jboss.arquillian.drone.api.annotation.Default. Available contexts are []." type="java.lang.IllegalStateException">
      <![CDATA[java.lang.IllegalStateException: There is no context available for qualifier org.jboss.arquillian.drone.api.annotation.Default. Available contexts are [].
	at org.jboss.arquillian.graphene.context.GrapheneContextImpl$LazyContext.getContext(GrapheneContextImpl.java:302)
	at org.jboss.arquillian.graphene.context.GrapheneContextImpl$LazyContext.getConfiguration(GrapheneContextImpl.java:234)
	at org.jboss.arquillian.graphene.DefaultGrapheneRuntime.waitGui(DefaultGrapheneRuntime.java:105)
	at org.jboss.arquillian.graphene.Graphene.waitGui(Graphene.java:216)
	at org.jboss.arquillian.graphene.enricher.StaleElementInterceptor.intercept(StaleElementInterceptor.java:43)
	at org.jboss.arquillian.graphene.proxy.InvocationContextImpl.invoke(InvocationContextImpl.java:87)
	at org.jboss.arquillian.graphene.enricher.SearchContextInterceptor.intercept(SearchContextInterceptor.java:50)
	at org.jboss.arquillian.graphene.proxy.InvocationContextImpl.invoke(InvocationContextImpl.java:87)
	at org.jboss.arquillian.graphene.proxy.GrapheneContextualHandler$2.call(GrapheneContextualHandler.java:241)
	at org.jboss.arquillian.graphene.context.BrowserActions.performAction(BrowserActions.java:62)
	at org.jboss.arquillian.graphene.proxy.GrapheneContextualHandler.invoke(GrapheneContextualHandler.java:237)
	at com.sun.proxy.$Proxy28.getScreenshotAs(Unknown Source)
	at com.autotest.core.ultil.Screenshots.takeScreenshot(Screenshots.java:35)
	at com.autotest.core.ultil.Screenshots.takeFailureScreenshot(Screenshots.java:27)
	at com.autotest.core.ultil.testng.listener.AuxiliaryFailureScreenshotListener.afterInvocation(AuxiliaryFailureScreenshotListener.java:42)
	at org.testng.internal.invokers.InvokedMethodListenerInvoker$InvokeAfterInvocationWithoutContextStrategy.callMethod(InvokedMethodListenerInvoker.java:100)
	at org.testng.internal.invokers.InvokedMethodListenerInvoker.invokeListener(InvokedMethodListenerInvoker.java:62)
	at org.testng.internal.Invoker.runInvokedMethodListeners(Invoker.java:556)
	at org.testng.internal.Invoker.invokeConfigurationMethod(Invoker.java:535)
	at org.testng.internal.Invoker.invokeConfigurations(Invoker.java:215)
	at org.testng.internal.Invoker.invokeMethod(Invoker.java:589)
	at org.testng.internal.Invoker.invokeTestMethod(Invoker.java:820)
	at org.testng.internal.Invoker.invokeTestMethods(Invoker.java:1128)
	at org.testng.internal.TestMethodWorker.invokeTestMethods(TestMethodWorker.java:129)
	at org.testng.internal.TestMethodWorker.run(TestMethodWorker.java:112)
	at org.testng.TestRunner.privateRun(TestRunner.java:782)
	at org.testng.TestRunner.run(TestRunner.java:632)
	at org.testng.SuiteRunner.runTest(SuiteRunner.java:366)
	at org.testng.SuiteRunner.runSequentially(SuiteRunner.java:361)
	at org.testng.SuiteRunner.privateRun(SuiteRunner.java:319)
	at org.testng.SuiteRunner.run(SuiteRunner.java:268)
	at org.testng.SuiteRunnerWorker.runSuite(SuiteRunnerWorker.java:52)
	at org.testng.SuiteRunnerWorker.run(SuiteRunnerWorker.java:86)
	at org.testng.TestNG.runSuitesSequentially(TestNG.java:1244)
	at org.testng.TestNG.runSuitesLocally(TestNG.java:1169)
	at org.testng.TestNG.run(TestNG.java:1064)
	at org.apache.maven.surefire.testng.TestNGExecutor.run(TestNGExecutor.java:132)
	at org.apache.maven.surefire.testng.TestNGDirectoryTestSuite.executeSingleClass(TestNGDirectoryTestSuite.java:112)
	at org.apache.maven.surefire.testng.TestNGDirectoryTestSuite.execute(TestNGDirectoryTestSuite.java:99)
	at org.apache.maven.surefire.testng.TestNGProvider.invoke(TestNGProvider.java:147)
	at org.apache.maven.surefire.booter.ForkedBooter.invokeProviderInSameClassLoader(ForkedBooter.java:290)
	at org.apache.maven.surefire.booter.ForkedBooter.runSuitesInProcess(ForkedBooter.java:242)
	at org.apache.maven.surefire.booter.ForkedBooter.main(ForkedBooter.java:121)
]]>
    </error>
  </testcase> <!-- testRoleTeacher -->
  <testcase classname="com.autotest.core.appolo.SearchTest" name="init" time="0.020">
    <error message="There is no context available for qualifier org.jboss.arquillian.drone.api.annotation.Default. Available contexts are []." type="java.lang.IllegalStateException">
      <![CDATA[java.lang.IllegalStateException: There is no context available for qualifier org.jboss.arquillian.drone.api.annotation.Default. Available contexts are [].
	at org.jboss.arquillian.graphene.context.GrapheneContextImpl$LazyContext.getContext(GrapheneContextImpl.java:302)
	at org.jboss.arquillian.graphene.context.GrapheneContextImpl$LazyContext.getConfiguration(GrapheneContextImpl.java:234)
	at org.jboss.arquillian.graphene.DefaultGrapheneRuntime.waitGui(DefaultGrapheneRuntime.java:105)
	at org.jboss.arquillian.graphene.Graphene.waitGui(Graphene.java:216)
	at org.jboss.arquillian.graphene.enricher.StaleElementInterceptor.intercept(StaleElementInterceptor.java:43)
	at org.jboss.arquillian.graphene.proxy.InvocationContextImpl.invoke(InvocationContextImpl.java:87)
	at org.jboss.arquillian.graphene.enricher.SearchContextInterceptor.intercept(SearchContextInterceptor.java:50)
	at org.jboss.arquillian.graphene.proxy.InvocationContextImpl.invoke(InvocationContextImpl.java:87)
	at org.jboss.arquillian.graphene.proxy.GrapheneContextualHandler$2.call(GrapheneContextualHandler.java:241)
	at org.jboss.arquillian.graphene.context.BrowserActions.performAction(BrowserActions.java:62)
	at org.jboss.arquillian.graphene.proxy.GrapheneContextualHandler.invoke(GrapheneContextualHandler.java:237)
	at com.sun.proxy.$Proxy28.getScreenshotAs(Unknown Source)
	at com.autotest.core.ultil.Screenshots.takeScreenshot(Screenshots.java:35)
	at com.autotest.core.ultil.Screenshots.takeFailureScreenshot(Screenshots.java:27)
	at com.autotest.core.ultil.testng.listener.AuxiliaryFailureScreenshotListener.afterInvocation(AuxiliaryFailureScreenshotListener.java:42)
	at org.testng.internal.invokers.InvokedMethodListenerInvoker$InvokeAfterInvocationWithoutContextStrategy.callMethod(InvokedMethodListenerInvoker.java:100)
	at org.testng.internal.invokers.InvokedMethodListenerInvoker.invokeListener(InvokedMethodListenerInvoker.java:62)
	at org.testng.internal.Invoker.runInvokedMethodListeners(Invoker.java:556)
	at org.testng.internal.Invoker.invokeConfigurationMethod(Invoker.java:535)
	at org.testng.internal.Invoker.invokeConfigurations(Invoker.java:215)
	at org.testng.internal.Invoker.invokeMethod(Invoker.java:589)
	at org.testng.internal.Invoker.invokeTestMethod(Invoker.java:820)
	at org.testng.internal.Invoker.invokeTestMethods(Invoker.java:1128)
	at org.testng.internal.TestMethodWorker.invokeTestMethods(TestMethodWorker.java:129)
	at org.testng.internal.TestMethodWorker.run(TestMethodWorker.java:112)
	at org.testng.TestRunner.privateRun(TestRunner.java:782)
	at org.testng.TestRunner.run(TestRunner.java:632)
	at org.testng.SuiteRunner.runTest(SuiteRunner.java:366)
	at org.testng.SuiteRunner.runSequentially(SuiteRunner.java:361)
	at org.testng.SuiteRunner.privateRun(SuiteRunner.java:319)
	at org.testng.SuiteRunner.run(SuiteRunner.java:268)
	at org.testng.SuiteRunnerWorker.runSuite(SuiteRunnerWorker.java:52)
	at org.testng.SuiteRunnerWorker.run(SuiteRunnerWorker.java:86)
	at org.testng.TestNG.runSuitesSequentially(TestNG.java:1244)
	at org.testng.TestNG.runSuitesLocally(TestNG.java:1169)
	at org.testng.TestNG.run(TestNG.java:1064)
	at org.apache.maven.surefire.testng.TestNGExecutor.run(TestNGExecutor.java:132)
	at org.apache.maven.surefire.testng.TestNGDirectoryTestSuite.executeSingleClass(TestNGDirectoryTestSuite.java:112)
	at org.apache.maven.surefire.testng.TestNGDirectoryTestSuite.execute(TestNGDirectoryTestSuite.java:99)
	at org.apache.maven.surefire.testng.TestNGProvider.invoke(TestNGProvider.java:147)
	at org.apache.maven.surefire.booter.ForkedBooter.invokeProviderInSameClassLoader(ForkedBooter.java:290)
	at org.apache.maven.surefire.booter.ForkedBooter.runSuitesInProcess(ForkedBooter.java:242)
	at org.apache.maven.surefire.booter.ForkedBooter.main(ForkedBooter.java:121)
]]>
    </error>
  </testcase> <!-- init -->
</testsuite> <!-- com.autotest.core.appolo.SearchTest -->
