<?xml version="1.0" encoding="UTF-8"?>
<!-- Generated by org.testng.reporters.JUnitReportReporter -->
<testsuite hostname="DESKTOP-D2D4SSH" name="test.java.Test.UserTest" tests="4" failures="0" timestamp="23 Dec 2018 17:34:01 GMT" time="123.759" errors="0">
  <testcase name="createNewCustomer" time="9.056" classname="test.java.Test.UserTest"/>
  <testcase name="createNewAccount" time="5.498" classname="test.java.Test.UserTest"/>
  <testcase name="init" time="97.369" classname="test.java.Test.UserTest"/>
  <testcase name="createDeposit" time="11.836" classname="test.java.Test.UserTest"/>
</testsuite> <!-- test.java.Test.UserTest -->
