<?xml version="1.0" encoding="UTF-8"?>
<!-- Generated by org.testng.reporters.JUnitReportReporter -->
<testsuite hostname="DESKTOP-D2D4SSH" name="Test.LoginTest" tests="2" failures="0" timestamp="23 Dec 2018 16:14:49 GMT" time="32.584" errors="0">
  <testcase name="loginTest" time="2.948" classname="Test.LoginTest"/>
  <testcase name="init" time="29.636" classname="Test.LoginTest"/>
</testsuite> <!-- Test.LoginTest -->
