<?xml version="1.0" encoding="UTF-8"?>
<!-- Generated by org.testng.reporters.JUnitReportReporter -->
<testsuite hostname="DESKTOP-D2D4SSH" name="test.java.Test.LoginTest" tests="2" failures="0" timestamp="23 Dec 2018 17:31:12 GMT" time="24.100" errors="0">
  <testcase name="loginTest" time="1.677" classname="test.java.Test.LoginTest"/>
  <testcase name="init" time="22.423" classname="test.java.Test.LoginTest"/>
</testsuite> <!-- test.java.Test.LoginTest -->
